<?xml version="1.0" encoding="UTF-8"?>
<testng-results skipped="0" failed="0" ignored="0" total="1" passed="1">
  <reporter-output>
  </reporter-output>
  <suite name="Default suite" duration-ms="140" started-at="2019-12-26T13:14:10 CET" finished-at="2019-12-26T13:14:10 CET">
    <groups>
    </groups>
    <test name="Default test" duration-ms="140" started-at="2019-12-26T13:14:10 CET" finished-at="2019-12-26T13:14:10 CET">
      <class name="page.test.TestL">
        <test-method status="PASS" signature="testAdd()[pri:0, instance:page.test.TestL@67b92f0a]" name="testAdd" duration-ms="31" started-at="2019-12-26T13:14:10 CET" finished-at="2019-12-26T13:14:10 CET">
          <reporter-output>
          </reporter-output>
        </test-method> <!-- testAdd -->
      </class> <!-- page.test.TestL -->
    </test> <!-- Default test -->
  </suite> <!-- Default suite -->
</testng-results>
